running egg_info
creating build/mypkg/mypkg.egg-info
writing build/mypkg/mypkg.egg-info/PKG-INFO
writing dependency_links to build/mypkg/mypkg.egg-info/dependency_links.txt
writing entry points to build/mypkg/mypkg.egg-info/entry_points.txt
writing requirements to build/mypkg/mypkg.egg-info/requires.txt
writing top-level names to build/mypkg/mypkg.egg-info/top_level.txt
writing manifest file 'build/mypkg/mypkg.egg-info/SOURCES.txt'
reading manifest file 'build/mypkg/mypkg.egg-info/SOURCES.txt'
writing manifest file 'build/mypkg/mypkg.egg-info/SOURCES.txt'
running build
running build_py
creating /root/ros2_ws/src/mypkg/build/mypkg/build
creating /root/ros2_ws/src/mypkg/build/mypkg/build/lib
creating /root/ros2_ws/src/mypkg/build/mypkg/build/lib/mypkg
copying mypkg/talker.py -> /root/ros2_ws/src/mypkg/build/mypkg/build/lib/mypkg
copying mypkg/listener.py -> /root/ros2_ws/src/mypkg/build/mypkg/build/lib/mypkg
copying mypkg/__init__.py -> /root/ros2_ws/src/mypkg/build/mypkg/build/lib/mypkg
running install
/usr/lib/python3/dist-packages/setuptools/command/install.py:34: SetuptoolsDeprecationWarning: setup.py install is deprecated. Use build and pip and other standards-based tools.
  warnings.warn(
running install_lib
creating /root/ros2_ws/src/mypkg/install/mypkg/lib/python3.10/site-packages/mypkg
copying /root/ros2_ws/src/mypkg/build/mypkg/build/lib/mypkg/talker.py -> /root/ros2_ws/src/mypkg/install/mypkg/lib/python3.10/site-packages/mypkg
copying /root/ros2_ws/src/mypkg/build/mypkg/build/lib/mypkg/listener.py -> /root/ros2_ws/src/mypkg/install/mypkg/lib/python3.10/site-packages/mypkg
copying /root/ros2_ws/src/mypkg/build/mypkg/build/lib/mypkg/__init__.py -> /root/ros2_ws/src/mypkg/install/mypkg/lib/python3.10/site-packages/mypkg
byte-compiling /root/ros2_ws/src/mypkg/install/mypkg/lib/python3.10/site-packages/mypkg/talker.py to talker.cpython-310.pyc
byte-compiling /root/ros2_ws/src/mypkg/install/mypkg/lib/python3.10/site-packages/mypkg/listener.py to listener.cpython-310.pyc
byte-compiling /root/ros2_ws/src/mypkg/install/mypkg/lib/python3.10/site-packages/mypkg/__init__.py to __init__.cpython-310.pyc
running install_data
creating /root/ros2_ws/src/mypkg/install/mypkg/share/ament_index
creating /root/ros2_ws/src/mypkg/install/mypkg/share/ament_index/resource_index
creating /root/ros2_ws/src/mypkg/install/mypkg/share/ament_index/resource_index/packages
copying resource/mypkg -> /root/ros2_ws/src/mypkg/install/mypkg/share/ament_index/resource_index/packages
copying package.xml -> /root/ros2_ws/src/mypkg/install/mypkg/share/mypkg
running install_egg_info
Copying build/mypkg/mypkg.egg-info to /root/ros2_ws/src/mypkg/install/mypkg/lib/python3.10/site-packages/mypkg-0.0.0-py3.10.egg-info
running install_scripts
Installing listener script to /root/ros2_ws/src/mypkg/install/mypkg/lib/mypkg
Installing talker script to /root/ros2_ws/src/mypkg/install/mypkg/lib/mypkg
writing list of installed files to '/root/ros2_ws/src/mypkg/build/mypkg/install.log'
